#
# A fatal error has been detected by the Java Runtime Environment:
#
#  EXCEPTION_ACCESS_VIOLATION (0xc0000005) at pc=0x000000006b5166a9, pid=3684, tid=0x000000000000128c
#
# JRE version: OpenJDK Runtime Environment (8.0_76-b03) (build 1.8.0_76-release-b03)
# Java VM: OpenJDK 64-Bit Server VM (25.76-b03 mixed mode windows-amd64 compressed oops)
# Problematic frame:
# V  [jvm.dll+0x4866a9]
#
# Failed to write core dump. Minidumps are not enabled by default on client versions of Windows
#
# If you would like to submit a bug report, please visit:
#   http://bugreport.java.com/bugreport/crash.jsp
#

---------------  T H R E A D  ---------------

Current thread (0x0000000054cfb000):  JavaThread "C2 CompilerThread0" daemon [_thread_in_native, id=4748, stack(0x0000000055f80000,0x0000000056080000)]

siginfo: ExceptionCode=0xc0000005, reading address 0x00000008578516a8

Registers:
RAX=0x000000005821c770, RBX=0x00000008578516a8, RCX=0x0000000000001132, RDX=0x0000000000000089
RSP=0x000000005607b7e0, RBP=0x000000005607bcd0, RSI=0x000000005607bcf0, RDI=0x000000005607b8a8
R8 =0x0000000000040000, R9 =0x0000000000000000, R10=0xfffffffffdfff9ff, R11=0x0000000000040000
R12=0x000000005607b888, R13=0x0000000000000018, R14=0x000000005821c740, R15=0x0000000000000003
RIP=0x000000006b5166a9, EFLAGS=0x0000000000010202

Top of Stack: (sp=0x000000005607b7e0)
0x000000005607b7e0:   0000000054d21f60 0000000000000010
0x000000005607b7f0:   000000005607b8a8 000000005607b888
0x000000005607b800:   00000000578d8e90 0000000054c8a490
0x000000005607b810:   0000000000000009 0000000000000002
0x000000005607b820:   0000000054d21fd0 0000000057dd0f80
0x000000005607b830:   0000000054c8a490 000000005607bcd0
0x000000005607b840:   000000005607b950 000000006b51874b
0x000000005607b850:   000000005607bcd0 000000005607b8a8
0x000000005607b860:   0000000000000003 000000005607b8f8
0x000000005607b870:   0000000057dd0fd0 0000000057dd8f68
0x000000005607b880:   0000000000130180 0000000054c8a490
0x000000005607b890:   0000000000000100 0000000056564790
0x000000005607b8a0:   00000000000000f7 000000006b6bf3f8
0x000000005607b8b0:   0000000054c8a490 0000000000000100
0x000000005607b8c0:   0000000056564f90 0000000000000009
0x000000005607b8d0:   0000000057dd0f80 0000000054c8a490 

Instructions: (pc=0x000000006b5166a9)
0x000000006b516689:   00 00 0f 1f 44 00 00 49 8b 46 08 41 ff c7 49 83
0x000000006b516699:   c5 08 49 8b 5c 05 f8 48 85 db 0f 84 d3 00 00 00
0x000000006b5166a9:   48 8b 03 48 8b cb ff 90 b0 00 00 00 84 c0 74 37
0x000000006b5166b9:   48 8b 03 48 8b cb ff 50 10 84 c0 75 2a 48 8b 43 


Register to memory mapping:

RAX=0x000000005821c770 is an unknown value
RBX=0x00000008578516a8 is an unknown value
RCX=0x0000000000001132 is an unknown value
RDX=0x0000000000000089 is an unknown value
RSP=0x000000005607b7e0 is pointing into the stack for thread: 0x0000000054cfb000
RBP=0x000000005607bcd0 is pointing into the stack for thread: 0x0000000054cfb000
RSI=0x000000005607bcf0 is pointing into the stack for thread: 0x0000000054cfb000
RDI=0x000000005607b8a8 is pointing into the stack for thread: 0x0000000054cfb000
R8 =0x0000000000040000 is an unknown value
R9 =0x0000000000000000 is an unknown value
R10=0xfffffffffdfff9ff is an unknown value
R11=0x0000000000040000 is an unknown value
R12=0x000000005607b888 is pointing into the stack for thread: 0x0000000054cfb000
R13=0x0000000000000018 is an unknown value
R14=0x000000005821c740 is an unknown value
R15=0x0000000000000003 is an unknown value


Stack: [0x0000000055f80000,0x0000000056080000],  sp=0x000000005607b7e0,  free space=1005k
Native frames: (J=compiled Java code, j=interpreted, Vv=VM code, C=native code)
V  [jvm.dll+0x4866a9]
V  [jvm.dll+0x48874b]
V  [jvm.dll+0x43aa01]
V  [jvm.dll+0x43ba43]
V  [jvm.dll+0x41f212]
V  [jvm.dll+0x806e9]
V  [jvm.dll+0x8101f]
V  [jvm.dll+0x21bc14]
V  [jvm.dll+0x26b60a]
C  [msvcr100.dll+0x21d9f]
C  [msvcr100.dll+0x21e3b]
C  [kernel32.dll+0x1f56d]
C  [ntdll.dll+0x33281]


Current CompileTask:
C2:  13368 2234   !   4       com.android.dx.cf.code.BytecodeArray::parseInstruction (2764 bytes)


---------------  P R O C E S S  ---------------

Java Threads: ( => current thread )
  0x000000005671f000 JavaThread "pool-2-thread-4" [_thread_blocked, id=4100, stack(0x0000000057000000,0x0000000057100000)]
  0x000000005671e800 JavaThread "pool-2-thread-3" [_thread_blocked, id=368, stack(0x0000000056e40000,0x0000000056f40000)]
  0x0000000056719800 JavaThread "pool-2-thread-2" [_thread_blocked, id=1688, stack(0x0000000056d00000,0x0000000056e00000)]
  0x0000000056710800 JavaThread "pool-3-thread-1" [_thread_blocked, id=4012, stack(0x0000000056ad0000,0x0000000056bd0000)]
  0x000000005672c800 JavaThread "pool-2-thread-1" [_thread_blocked, id=4488, stack(0x00000000569c0000,0x0000000056ac0000)]
  0x0000000054d04800 JavaThread "Service Thread" daemon [_thread_blocked, id=4596, stack(0x0000000056210000,0x0000000056310000)]
  0x0000000054cff800 JavaThread "C1 CompilerThread1" daemon [_thread_blocked, id=4180, stack(0x0000000055e00000,0x0000000055f00000)]
=>0x0000000054cfb000 JavaThread "C2 CompilerThread0" daemon [_thread_in_native, id=4748, stack(0x0000000055f80000,0x0000000056080000)]
  0x0000000054cf9800 JavaThread "Attach Listener" daemon [_thread_blocked, id=4980, stack(0x0000000055d00000,0x0000000055e00000)]
  0x0000000054cf8000 JavaThread "Signal Dispatcher" daemon [_thread_blocked, id=3192, stack(0x0000000055b00000,0x0000000055c00000)]
  0x0000000054cdc000 JavaThread "Finalizer" daemon [_thread_blocked, id=3384, stack(0x0000000055a00000,0x0000000055b00000)]
  0x0000000054c93000 JavaThread "Reference Handler" daemon [_thread_blocked, id=5044, stack(0x0000000055850000,0x0000000055950000)]
  0x000000000015e000 JavaThread "main" [_thread_blocked, id=3456, stack(0x00000000022a0000,0x00000000023a0000)]

Other Threads:
  0x0000000054c8b000 VMThread [stack: 0x0000000055730000,0x0000000055830000] [id=3712]
  0x0000000054d06000 WatcherThread [stack: 0x00000000563c0000,0x00000000564c0000] [id=5032]

VM state:not at safepoint (normal execution)

VM Mutex/Monitor currently owned by a thread: None

Heap:
 PSYoungGen      total 138240K, used 96128K [0x00000000eab00000, 0x00000000f3700000, 0x0000000100000000)
  eden space 133120K, 68% used [0x00000000eab00000,0x00000000f03e7970,0x00000000f2d00000)
  from space 5120K, 99% used [0x00000000f3200000,0x00000000f36f8800,0x00000000f3700000)
  to   space 5120K, 0% used [0x00000000f2d00000,0x00000000f2d00000,0x00000000f3200000)
 ParOldGen       total 87552K, used 27613K [0x00000000c0000000, 0x00000000c5580000, 0x00000000eab00000)
  object space 87552K, 31% used [0x00000000c0000000,0x00000000c1af7728,0x00000000c5580000)
 Metaspace       used 6346K, capacity 7152K, committed 7296K, reserved 1056768K
  class space    used 574K, capacity 616K, committed 640K, reserved 1048576K

Card table byte_map: [0x0000000011a30000,0x0000000011c40000] byte_map_base: 0x0000000011430000

Marking Bits: (ParMarkBitMap*) 0x000000006b849d00
 Begin Bits: [0x0000000012160000, 0x0000000013160000)
 End Bits:   [0x0000000013160000, 0x0000000014160000)

Polling page: 0x0000000000130000

CodeCache: size=245760Kb used=10351Kb max_used=10401Kb free=235408Kb
 bounds [0x0000000002670000, 0x00000000030b0000, 0x0000000011670000]
 total_blobs=2412 nmethods=2144 adapters=182
 compilation: enabled

Compilation events (10 events):
Event: 13.240 Thread 0x0000000054cff800 2246       3       com.android.dx.command.dexer.Main$ClassTranslatorTask::call (14 bytes)
Event: 13.241 Thread 0x0000000054cff800 nmethod 2246 0x000000000284ea50 code [0x000000000284ebc0, 0x000000000284eda8]
Event: 13.241 Thread 0x0000000054cff800 2247       3       com.android.dx.command.dexer.Main::access$2700 (6 bytes)
Event: 13.241 Thread 0x0000000054cff800 nmethod 2247 0x0000000002859810 code [0x0000000002859980, 0x0000000002859ae8]
Event: 13.241 Thread 0x0000000054cff800 2248   !   3       com.android.dx.command.dexer.Main::translateClass (65 bytes)
Event: 13.241 Thread 0x0000000054cff800 nmethod 2248 0x0000000002785150 code [0x0000000002785340, 0x0000000002785b28]
Event: 13.242 Thread 0x0000000054cff800 2249   !   3       com.android.dx.dex.cf.CfTranslator::translate (44 bytes)
Event: 13.242 Thread 0x0000000054cff800 nmethod 2249 0x0000000002832650 code [0x0000000002832840, 0x0000000002832fe8]
Event: 13.250 Thread 0x0000000054cff800 2250       3       java.lang.String::lastIndexOf (151 bytes)
Event: 13.250 Thread 0x0000000054cff800 nmethod 2250 0x0000000002815050 code [0x0000000002815200, 0x0000000002815750]

GC Heap History (8 events):
Event: 1.333 GC heap before
{Heap before GC invocations=1 (full 0):
 PSYoungGen      total 38400K, used 33280K [0x00000000eab00000, 0x00000000ed580000, 0x0000000100000000)
  eden space 33280K, 100% used [0x00000000eab00000,0x00000000ecb80000,0x00000000ecb80000)
  from space 5120K, 0% used [0x00000000ed080000,0x00000000ed080000,0x00000000ed580000)
  to   space 5120K, 0% used [0x00000000ecb80000,0x00000000ecb80000,0x00000000ed080000)
 ParOldGen       total 87552K, used 0K [0x00000000c0000000, 0x00000000c5580000, 0x00000000eab00000)
  object space 87552K, 0% used [0x00000000c0000000,0x00000000c0000000,0x00000000c5580000)
 Metaspace       used 5758K, capacity 6768K, committed 7040K, reserved 1056768K
  class space    used 570K, capacity 616K, committed 640K, reserved 1048576K
Event: 1.356 GC heap after
Heap after GC invocations=1 (full 0):
 PSYoungGen      total 38400K, used 5095K [0x00000000eab00000, 0x00000000ef600000, 0x0000000100000000)
  eden space 33280K, 0% used [0x00000000eab00000,0x00000000eab00000,0x00000000ecb80000)
  from space 5120K, 99% used [0x00000000ecb80000,0x00000000ed079e88,0x00000000ed080000)
  to   space 5120K, 0% used [0x00000000ef100000,0x00000000ef100000,0x00000000ef600000)
 ParOldGen       total 87552K, used 37K [0x00000000c0000000, 0x00000000c5580000, 0x00000000eab00000)
  object space 87552K, 0% used [0x00000000c0000000,0x00000000c0009620,0x00000000c5580000)
 Metaspace       used 5758K, capacity 6768K, committed 7040K, reserved 1056768K
  class space    used 570K, capacity 616K, committed 640K, reserved 1048576K
}
Event: 3.333 GC heap before
{Heap before GC invocations=2 (full 0):
 PSYoungGen      total 38400K, used 38375K [0x00000000eab00000, 0x00000000ef600000, 0x0000000100000000)
  eden space 33280K, 100% used [0x00000000eab00000,0x00000000ecb80000,0x00000000ecb80000)
  from space 5120K, 99% used [0x00000000ecb80000,0x00000000ed079e88,0x00000000ed080000)
  to   space 5120K, 0% used [0x00000000ef100000,0x00000000ef100000,0x00000000ef600000)
 ParOldGen       total 87552K, used 37K [0x00000000c0000000, 0x00000000c5580000, 0x00000000eab00000)
  object space 87552K, 0% used [0x00000000c0000000,0x00000000c0009620,0x00000000c5580000)
 Metaspace       used 6103K, capacity 7024K, committed 7296K, reserved 1056768K
  class space    used 570K, capacity 616K, committed 640K, reserved 1048576K
Event: 3.377 GC heap after
Heap after GC invocations=2 (full 0):
 PSYoungGen      total 71680K, used 5088K [0x00000000eab00000, 0x00000000ef600000, 0x0000000100000000)
  eden space 66560K, 0% used [0x00000000eab00000,0x00000000eab00000,0x00000000eec00000)
  from space 5120K, 99% used [0x00000000ef100000,0x00000000ef5f8048,0x00000000ef600000)
  to   space 5120K, 0% used [0x00000000eec00000,0x00000000eec00000,0x00000000ef100000)
 ParOldGen       total 87552K, used 2648K [0x00000000c0000000, 0x00000000c5580000, 0x00000000eab00000)
  object space 87552K, 3% used [0x00000000c0000000,0x00000000c0296370,0x00000000c5580000)
 Metaspace       used 6103K, capacity 7024K, committed 7296K, reserved 1056768K
  class space    used 570K, capacity 616K, committed 640K, reserved 1048576K
}
Event: 8.682 GC heap before
{Heap before GC invocations=3 (full 0):
 PSYoungGen      total 71680K, used 71648K [0x00000000eab00000, 0x00000000ef600000, 0x0000000100000000)
  eden space 66560K, 100% used [0x00000000eab00000,0x00000000eec00000,0x00000000eec00000)
  from space 5120K, 99% used [0x00000000ef100000,0x00000000ef5f8048,0x00000000ef600000)
  to   space 5120K, 0% used [0x00000000eec00000,0x00000000eec00000,0x00000000ef100000)
 ParOldGen       total 87552K, used 2648K [0x00000000c0000000, 0x00000000c5580000, 0x00000000eab00000)
  object space 87552K, 3% used [0x00000000c0000000,0x00000000c0296370,0x00000000c5580000)
 Metaspace       used 6255K, capacity 7152K, committed 7296K, reserved 1056768K
  class space    used 572K, capacity 616K, committed 640K, reserved 1048576K
Event: 8.783 GC heap after
Heap after GC invocations=3 (full 0):
 PSYoungGen      total 71680K, used 5090K [0x00000000eab00000, 0x00000000f3700000, 0x0000000100000000)
  eden space 66560K, 0% used [0x00000000eab00000,0x00000000eab00000,0x00000000eec00000)
  from space 5120K, 99% used [0x00000000eec00000,0x00000000ef0f8800,0x00000000ef100000)
  to   space 5120K, 0% used [0x00000000f3200000,0x00000000f3200000,0x00000000f3700000)
 ParOldGen       total 87552K, used 15432K [0x00000000c0000000, 0x00000000c5580000, 0x00000000eab00000)
  object space 87552K, 17% used [0x00000000c0000000,0x00000000c0f12250,0x00000000c5580000)
 Metaspace       used 6255K, capacity 7152K, committed 7296K, reserved 1056768K
  class space    used 572K, capacity 616K, committed 640K, reserved 1048576K
}
Event: 9.055 GC heap before
{Heap before GC invocations=4 (full 0):
 PSYoungGen      total 71680K, used 71650K [0x00000000eab00000, 0x00000000f3700000, 0x0000000100000000)
  eden space 66560K, 100% used [0x00000000eab00000,0x00000000eec00000,0x00000000eec00000)
  from space 5120K, 99% used [0x00000000eec00000,0x00000000ef0f8800,0x00000000ef100000)
  to   space 5120K, 0% used [0x00000000f3200000,0x00000000f3200000,0x00000000f3700000)
 ParOldGen       total 87552K, used 15432K [0x00000000c0000000, 0x00000000c5580000, 0x00000000eab00000)
  object space 87552K, 17% used [0x00000000c0000000,0x00000000c0f12250,0x00000000c5580000)
 Metaspace       used 6282K, capacity 7152K, committed 7296K, reserved 1056768K
  class space    used 574K, capacity 616K, committed 640K, reserved 1048576K
Event: 9.084 GC heap after
Heap after GC invocations=4 (full 0):
 PSYoungGen      total 138240K, used 5090K [0x00000000eab00000, 0x00000000f3700000, 0x0000000100000000)
  eden space 133120K, 0% used [0x00000000eab00000,0x00000000eab00000,0x00000000f2d00000)
  from space 5120K, 99% used [0x00000000f3200000,0x00000000f36f8800,0x00000000f3700000)
  to   space 5120K, 0% used [0x00000000f2d00000,0x00000000f2d00000,0x00000000f3200000)
 ParOldGen       total 87552K, used 27613K [0x00000000c0000000, 0x00000000c5580000, 0x00000000eab00000)
  object space 87552K, 31% used [0x00000000c0000000,0x00000000c1af7728,0x00000000c5580000)
 Metaspace       used 6282K, capacity 7152K, committed 7296K, reserved 1056768K
  class space    used 574K, capacity 616K, committed 640K, reserved 1048576K
}

Deoptimization events (10 events):
Event: 12.027 Thread 0x000000005672c800 Uncommon trap: reason=unstable_if action=reinterpret pc=0x0000000002f23394 method=com.android.dx.ssa.back.IdenticalBlockCombiner.process()Lcom/android/dx/rop/code/RopMethod; @ 197
Event: 12.130 Thread 0x000000005672c800 Uncommon trap: reason=unstable_if action=reinterpret pc=0x0000000002dc6a78 method=com.android.dx.rop.code.RegisterSpecSet.intersect(Lcom/android/dx/rop/code/RegisterSpecSet;Z)V @ 73
Event: 12.234 Thread 0x000000005671f000 Uncommon trap: reason=unstable_if action=reinterpret pc=0x0000000002e3da6c method=com.android.dx.ssa.PhiTypeResolver.equalsHandlesNulls(Lcom/android/dx/rop/code/LocalItem;Lcom/android/dx/rop/code/LocalItem;)Z @ 2
Event: 13.143 Thread 0x000000005672c800 Uncommon trap: reason=bimorphic action=maybe_recompile pc=0x0000000002eb0e14 method=com.android.dx.cf.code.BytecodeArray.parseInstruction(ILcom/android/dx/cf/code/BytecodeArray$Visitor;)I @ 971
Event: 13.143 Thread 0x000000005672c800 Uncommon trap: reason=bimorphic action=maybe_recompile pc=0x0000000002eb0be4 method=com.android.dx.cf.code.BytecodeArray.parseInstruction(ILcom/android/dx/cf/code/BytecodeArray$Visitor;)I @ 907
Event: 13.143 Thread 0x000000005672c800 Uncommon trap: reason=bimorphic action=maybe_recompile pc=0x0000000002eb0be4 method=com.android.dx.cf.code.BytecodeArray.parseInstruction(ILcom/android/dx/cf/code/BytecodeArray$Visitor;)I @ 907
Event: 13.143 Thread 0x000000005672c800 Uncommon trap: reason=bimorphic action=maybe_recompile pc=0x0000000002eb0c70 method=com.android.dx.cf.code.BytecodeArray.parseInstruction(ILcom/android/dx/cf/code/BytecodeArray$Visitor;)I @ 923
Event: 13.143 Thread 0x000000005672c800 Uncommon trap: reason=bimorphic action=maybe_recompile pc=0x0000000002eb0c70 method=com.android.dx.cf.code.BytecodeArray.parseInstruction(ILcom/android/dx/cf/code/BytecodeArray$Visitor;)I @ 923
Event: 13.143 Thread 0x000000005672c800 Uncommon trap: reason=unstable_if action=reinterpret pc=0x0000000002ed726c method=com.android.dx.cf.code.RopperMachine.run(Lcom/android/dx/cf/code/Frame;II)V @ 1500
Event: 13.143 Thread 0x000000005672c800 Uncommon trap: reason=class_check action=maybe_recompile pc=0x0000000002de9390 method=com.android.dx.cf.code.Ropper.processBlock(Lcom/android/dx/cf/code/ByteBlock;Lcom/android/dx/cf/code/Frame;[I)V @ 777

Internal exceptions (6 events):
Event: 0.023 Thread 0x000000000015e000 Exception <a 'java/lang/NoSuchMethodError': Method sun.misc.Unsafe.defineClass(Ljava/lang/String;[BII)Ljava/lang/Class; name or signature does not match> (0x00000000eab07cc0) thrown at [C:\src\android\AOSP-openjdk\external\jetbrains\jdk\hotspot\src\share\v—Vap8ó?
Event: 0.023 Thread 0x000000000015e000 Exception <a 'java/lang/NoSuchMethodError': Method sun.misc.Unsafe.prefetchRead(Ljava/lang/Object;J)V name or signature does not match> (0x00000000eab07fa8) thrown at [C:\src\android\AOSP-openjdk\external\jetbrains\jdk\hotspot\src\share\vm\prims\jni.cpp, lêÏ9	[@
Event: 2.252 Thread 0x000000005671e800 Implicit null exception at 0x00000000028e1e92 to 0x00000000028e1f82
Event: 6.593 Thread 0x000000005671e800 Implicit null exception at 0x0000000002db2510 to 0x0000000002db6e2d
Event: 8.826 Thread 0x000000000015e000 Implicit null exception at 0x000000000299acce to 0x000000000299cae9
Event: 12.130 Thread 0x000000005672c800 Implicit null exception at 0x0000000002dc5831 to 0x0000000002dc6a55

Events (10 events):
Event: 13.220 Thread 0x0000000054cff800 flushing nmethod 0x0000000002862310
Event: 13.220 Thread 0x0000000054cff800 flushing nmethod 0x0000000002882490
Event: 13.223 Thread 0x000000005672c800 DEOPT PACKING pc=0x0000000002ea7398 sp=0x0000000056abe580
Event: 13.223 Thread 0x000000005672c800 DEOPT UNPACKING pc=0x00000000026b71bf sp=0x0000000056abe280 mode 0
Event: 13.226 Thread 0x0000000054cff800 flushing nmethod 0x00000000028c3810
Event: 13.226 Thread 0x0000000054cff800 flushing nmethod 0x00000000028e2c10
Event: 13.226 Thread 0x0000000054cff800 flushing nmethod 0x00000000028e2f50
Event: 13.226 Thread 0x0000000054cff800 flushing nmethod 0x00000000028f8950
Event: 13.250 Thread 0x000000000015e000 DEOPT PACKING pc=0x0000000002cca63a sp=0x000000000239ecf0
Event: 13.250 Thread 0x000000000015e000 DEOPT UNPACKING pc=0x00000000026b71bf sp=0x000000000239e9a8 mode 0


Dynamic libraries:
0x000000013fde0000 - 0x000000013fe11000 	C:\Program Files\Android\Android Studio1\jre\bin\java.exe
0x00000000773f0000 - 0x000000007759b000 	C:\Windows\SYSTEM32\ntdll.dll
0x00000000771d0000 - 0x00000000772ef000 	C:\Windows\system32\kernel32.dll
0x000007fefd670000 - 0x000007fefd6db000 	C:\Windows\system32\KERNELBASE.dll
0x000007fefef80000 - 0x000007feff05b000 	C:\Windows\system32\ADVAPI32.dll
0x000007feff350000 - 0x000007feff3ef000 	C:\Windows\system32\msvcrt.dll
0x000007feff4a0000 - 0x000007feff4bf000 	C:\Windows\SYSTEM32\sechost.dll
0x000007fefdac0000 - 0x000007fefdbee000 	C:\Windows\system32\RPCRT4.dll
0x00000000772f0000 - 0x00000000773ea000 	C:\Windows\system32\USER32.dll
0x000007fefd7f0000 - 0x000007fefd857000 	C:\Windows\system32\GDI32.dll
0x000007feff3f0000 - 0x000007feff3fe000 	C:\Windows\system32\LPK.dll
0x000007fefde60000 - 0x000007fefdf2a000 	C:\Windows\system32\USP10.dll
0x000007fefbcd0000 - 0x000007fefbec4000 	C:\Windows\WinSxS\amd64_microsoft.windows.common-controls_6595b64144ccf1df_6.0.7600.16385_none_fa645303170382f6\COMCTL32.dll
0x000007fefd720000 - 0x000007fefd791000 	C:\Windows\system32\SHLWAPI.dll
0x000007fefddd0000 - 0x000007fefddfe000 	C:\Windows\system32\IMM32.DLL
0x000007feff4c0000 - 0x000007feff5c9000 	C:\Windows\system32\MSCTF.dll
0x0000000068800000 - 0x00000000688d2000 	C:\Program Files\Android\Android Studio1\jre\jre\bin\msvcr100.dll
0x000000006b090000 - 0x000000006b8c4000 	C:\Program Files\Android\Android Studio1\jre\jre\bin\server\jvm.dll
0x000007fef56a0000 - 0x000007fef56a9000 	C:\Windows\system32\WSOCK32.dll
0x000007fefd7a0000 - 0x000007fefd7ed000 	C:\Windows\system32\WS2_32.dll
0x000007fefde00000 - 0x000007fefde08000 	C:\Windows\system32\NSI.dll
0x000007fefa070000 - 0x000007fefa0ab000 	C:\Windows\system32\WINMM.dll
0x000007fefc4c0000 - 0x000007fefc4cc000 	C:\Windows\system32\VERSION.dll
0x00000000775b0000 - 0x00000000775b7000 	C:\Windows\system32\PSAPI.DLL
0x000007fef4780000 - 0x000007fef478f000 	C:\Program Files\Android\Android Studio1\jre\jre\bin\verify.dll
0x000007fef3020000 - 0x000007fef3049000 	C:\Program Files\Android\Android Studio1\jre\jre\bin\java.dll
0x000007fef3060000 - 0x000007fef3076000 	C:\Program Files\Android\Android Studio1\jre\jre\bin\zip.dll
0x000007fefdfb0000 - 0x000007fefed36000 	C:\Windows\system32\SHELL32.dll
0x000007feff140000 - 0x000007feff341000 	C:\Windows\system32\ole32.dll
0x000007fefd350000 - 0x000007fefd35f000 	C:\Windows\system32\profapi.dll
0x000007fef85c0000 - 0x000007fef86e5000 	C:\Windows\system32\dbghelp.dll

VM Arguments:
jvm_args: -Djava.awt.headless=true -Xmx1024M -Dfile.encoding=windows-1252 -Duser.country=US -Duser.language=en -Duser.variant 
java_command: com.android.dx.command.Main --dex --force-jumbo --num-threads=4 --multi-dex --output D:\working\kibbeh\app\build\intermediates\transforms\dex\debug\folders\1000\10\com.google.android.gms-play-services-games-8.3.0_01ff416427298ce9f272e0d831568f6bbc133393 D:\working\kibbeh\app\build\intermediates\exploded-aar\com.google.android.gms\play-services-games\8.3.0\jars\classes.jar
java_class_path (initial): C:\Users\archi\AppData\Local\Android\sdk\build-tools\23.0.3\lib\dx.jar
Launcher Type: SUN_STANDARD

Environment Variables:
PATH=C:\ProgramData\Oracle\Java\javapath;C:\Program Files (x86)\Intel\iCLS Client\;C:\Program Files\Intel\iCLS Client\;C:\Windows\system32;C:\Windows;C:\Windows\System32\Wbem;C:\Windows\System32\WindowsPowerShell\v1.0\;C:\Program Files (x86)\Intel\OpenCL SDK\2.0\bin\x86;C:\Program Files (x86)\Intel\OpenCL SDK\2.0\bin\x64;C:\Program Files\Intel\Intel(R) Management Engine Components\DAL;C:\Program Files\Intel\Intel(R) Management Engine Components\IPT;C:\Program Files (x86)\Intel\Intel(R) Management Engine Components\DAL;C:\Program Files (x86)\Intel\Intel(R) Management Engine Components\IPT;C:\Program Files (x86)\Skype\Phone\
USERNAME=archi
OS=Windows_NT
PROCESSOR_IDENTIFIER=Intel64 Family 6 Model 58 Stepping 9, GenuineIntel



---------------  S Y S T E M  ---------------

OS: Windows 7 , 64 bit Build 7600 (6.1.7600.16385)

CPU:total 2 (2 cores per cpu, 1 threads per core) family 6 model 58 stepping 9, cmov, cx8, fxsr, mmx, sse, sse2, sse3, ssse3, sse4.1, sse4.2, popcnt, clmul, erms, tsc, tscinvbit, tscinv

Memory: 4k page, physical 8277700k(3018100k free), swap 16553504k(10577484k free)

vm_info: OpenJDK 64-Bit Server VM (25.76-b03) for windows-amd64 JRE (1.8.0_76-release-b03), built on Jun 29 2016 19:09:20 by "ralucas" with MS VC++ 10.0 (VS2010)

time: Thu Oct 06 15:35:33 2016
elapsed time: 13 seconds (0d 0h 0m 13s)

